[debug] ----------------------------------------------------------------------
[debug] Command:      /home/chico/.nvm/versions/node/v6.6.0/bin/node /home/chico/.nvm/versions/node/v6.6.0/bin/firebase serve
[debug] CLI Version:  3.6.0
[debug] Platform:     linux
[debug] Node Version: v6.6.0
[debug] Time:         Tue Apr 11 2017 02:15:26 GMT-0300 (BRT)
[debug] ----------------------------------------------------------------------
[debug] 
[debug] > command requires scopes: ["email","openid","https://www.googleapis.com/auth/cloudplatformprojects.readonly","https://www.googleapis.com/auth/firebase","https://www.googleapis.com/auth/cloud-platform"]
[debug] >>> HTTP REQUEST GET https://admin.firebase.com/v1/projects/registre-website  
 Tue Apr 11 2017 02:15:26 GMT-0300 (BRT)
[debug] <<< HTTP RESPONSE 200
[debug] >>> HTTP REQUEST GET https://admin.firebase.com/v1/database/registre-website/tokens  
 Tue Apr 11 2017 02:15:27 GMT-0300 (BRT)
[debug] <<< HTTP RESPONSE 200
[info] Starting Firebase development server...
[info] 
[info] Project Directory: /home/chico/Desktop/registre-website
[debug] >>> HTTP REQUEST GET https://cloudresourcemanager.googleapis.com/v1/projects/registre-website  
 Tue Apr 11 2017 02:15:28 GMT-0300 (BRT)
[debug] <<< HTTP RESPONSE 200
[debug] >>> HTTP REQUEST GET https://mobilesdk-pa.googleapis.com/v1/projects/943539225073/clients/_:getWebAppConfig  
 Tue Apr 11 2017 02:15:29 GMT-0300 (BRT)
[debug] <<< HTTP RESPONSE 200
[info] Public Directory: public
[info] 
[info] Server listening at: http://localhost:5000
