0 info it worked if it ends with ok
1 verbose cli [ '/home/chico/.nvm/versions/node/v6.6.0/bin/node',
1 verbose cli   '/home/chico/.nvm/versions/node/v6.6.0/bin/npm',
1 verbose cli   'run',
1 verbose cli   'deploy' ]
2 info using npm@3.10.3
3 info using node@v6.6.0
4 verbose run-script [ 'predeploy', 'deploy', 'postdeploy' ]
5 info lifecycle registre-website@0.0.1~predeploy: registre-website@0.0.1
6 silly lifecycle registre-website@0.0.1~predeploy: no script for predeploy, continuing
7 info lifecycle registre-website@0.0.1~deploy: registre-website@0.0.1
8 verbose lifecycle registre-website@0.0.1~deploy: unsafe-perm in lifecycle true
9 verbose lifecycle registre-website@0.0.1~deploy: PATH: /home/chico/.nvm/versions/node/v6.6.0/lib/node_modules/npm/bin/node-gyp-bin:/home/chico/Desktop/registre-website/node_modules/.bin:/home/chico/.nvm/versions/node/v6.6.0/bin:/home/chico/.nvm/versions/node/v6.6.0/bin:/home/chico/bin:/home/chico/.local/bin:/usr/local/sbin:/usr/local/bin:/usr/sbin:/usr/bin:/sbin:/bin:/usr/games:/usr/local/games:/snap/bin:/usr/lib/jvm/java-7-oracle/bin:/usr/lib/jvm/java-7-oracle/db/bin:/usr/lib/jvm/java-7-oracle/jre/bin:/home/chico/.rvm/bin:/home/Android/Sdk/tools:/home/Android/Sdk/platform-tools:/home/chico/.rvm/bin:./node_modules/.bin
10 verbose lifecycle registre-website@0.0.1~deploy: CWD: /home/chico/Desktop/registre-website
11 silly lifecycle registre-website@0.0.1~deploy: Args: [ '-c', 'cp -R dist public && firebase deploy' ]
12 silly lifecycle registre-website@0.0.1~deploy: Returned: code: 1  signal: null
13 info lifecycle registre-website@0.0.1~deploy: Failed to exec deploy script
14 verbose stack Error: registre-website@0.0.1 deploy: `cp -R dist public && firebase deploy`
14 verbose stack Exit status 1
14 verbose stack     at EventEmitter.<anonymous> (/home/chico/.nvm/versions/node/v6.6.0/lib/node_modules/npm/lib/utils/lifecycle.js:242:16)
14 verbose stack     at emitTwo (events.js:106:13)
14 verbose stack     at EventEmitter.emit (events.js:191:7)
14 verbose stack     at ChildProcess.<anonymous> (/home/chico/.nvm/versions/node/v6.6.0/lib/node_modules/npm/lib/utils/spawn.js:40:14)
14 verbose stack     at emitTwo (events.js:106:13)
14 verbose stack     at ChildProcess.emit (events.js:191:7)
14 verbose stack     at maybeClose (internal/child_process.js:877:16)
14 verbose stack     at Process.ChildProcess._handle.onexit (internal/child_process.js:226:5)
15 verbose pkgid registre-website@0.0.1
16 verbose cwd /home/chico/Desktop/registre-website/src
17 error Linux 4.4.0-72-generic
18 error argv "/home/chico/.nvm/versions/node/v6.6.0/bin/node" "/home/chico/.nvm/versions/node/v6.6.0/bin/npm" "run" "deploy"
19 error node v6.6.0
20 error npm  v3.10.3
21 error code ELIFECYCLE
22 error registre-website@0.0.1 deploy: `cp -R dist public && firebase deploy`
22 error Exit status 1
23 error Failed at the registre-website@0.0.1 deploy script 'cp -R dist public && firebase deploy'.
23 error Make sure you have the latest version of node.js and npm installed.
23 error If you do, this is most likely a problem with the registre-website package,
23 error not with npm itself.
23 error Tell the author that this fails on your system:
23 error     cp -R dist public && firebase deploy
23 error You can get information on how to open an issue for this project with:
23 error     npm bugs registre-website
23 error Or if that isn't available, you can get their info via:
23 error     npm owner ls registre-website
23 error There is likely additional logging output above.
24 verbose exit [ 1, true ]
